It needs about 6 minutes for processing the benchmark datasets
build db-table-column-distinctValue dictionary  start ... ...
error.
error.
error.
error.
error.
error.
error.
error.
error.
error.
error.
error.
error.
error.
error.
error.
error.
error.
error.
error.
error.
error.
error.
error.
error.
error.
error.
error.
error.
error.
error.
error.
error.
error.
error.
error.
error.
error.
error.
error.
error.
error.
db error:  .DS_Store
build db-table-column-distinctValue dictionary  end ... ...
process the benchmark dataset for training&testing  start ... ...
0.0
17.83
35.66
53.5
71.33
89.16
0.0
83.19
0.0
83.06
process the benchmark dataset for training&testing  end ... ...
